** Daemonized, any open files are closed.  Look at tmp/pids/mongrel.8002.pid and log/mongrel.8002.log for info.
** Starting Mongrel listening at 127.0.0.1:8002
** Initiating groups for "apache":"mongrel".
** Changing group to "mongrel".
** Changing user to "apache".
** Starting Rails with production environment...
** Rails loaded.
** Loading any Rails specific GemPlugins
** Signals ready.  TERM => stop.  USR2 => restart.  INT => stop (no restart).
** Rails signals registered.  HUP => reload (without restart).  It might not work well.
** Mongrel 1.1.5 available at 127.0.0.1:8002
** Writing PID file to tmp/pids/mongrel.8002.pid
** TERM signal received.
** Daemonized, any open files are closed.  Look at tmp/pids/mongrel.8002.pid and log/mongrel.8002.log for info.
** Starting Mongrel listening at 127.0.0.1:8002
** Initiating groups for "apache":"mongrel".
** Changing group to "mongrel".
** Changing user to "apache".
** Starting Rails with production environment...
** Rails loaded.
** Loading any Rails specific GemPlugins
** Signals ready.  TERM => stop.  USR2 => restart.  INT => stop (no restart).
** Rails signals registered.  HUP => reload (without restart).  It might not work well.
** Mongrel 1.1.5 available at 127.0.0.1:8002
** Writing PID file to tmp/pids/mongrel.8002.pid
** TERM signal received.
** Daemonized, any open files are closed.  Look at tmp/pids/mongrel.8002.pid and log/mongrel.8002.log for info.
** Starting Mongrel listening at 127.0.0.1:8002
** Initiating groups for "apache":"mongrel".
** Changing group to "mongrel".
** Changing user to "apache".
** Starting Rails with production environment...
** Rails loaded.
** Loading any Rails specific GemPlugins
** Signals ready.  TERM => stop.  USR2 => restart.  INT => stop (no restart).
** Rails signals registered.  HUP => reload (without restart).  It might not work well.
** Mongrel 1.1.5 available at 127.0.0.1:8002
** Writing PID file to tmp/pids/mongrel.8002.pid
** TERM signal received.
** Daemonized, any open files are closed.  Look at tmp/pids/mongrel.8002.pid and log/mongrel.8002.log for info.
** Starting Mongrel listening at 127.0.0.1:8002
** Initiating groups for "apache":"mongrel".
** Changing group to "mongrel".
** Changing user to "apache".
** Starting Rails with development environment...
Rails Error: Unable to access log file. Please ensure that /var/www/vhosts/justtrackit.com/apollo/log/development.log exists and is chmod 0666. The log level has been raised to WARN and the output directed to STDERR until the problem is fixed.
** Rails loaded.
** Loading any Rails specific GemPlugins
** Signals ready.  TERM => stop.  USR2 => restart.  INT => stop (no restart).
** Rails signals registered.  HUP => reload (without restart).  It might not work well.
** Mongrel 1.1.5 available at 127.0.0.1:8002
** Writing PID file to tmp/pids/mongrel.8002.pid
/!\ FAILSAFE /!\  Sat Jun 28 01:25:00 -0500 2008
  Status: 500 Internal Server Error
  FATAL:  password authentication failed for user "root"

    /usr/lib/ruby/gems/1.8/gems/activerecord-2.0.2/lib/active_record/connection_adapters/postgresql_adapter.rb:713:in `initialize'
    /usr/lib/ruby/gems/1.8/gems/activerecord-2.0.2/lib/active_record/connection_adapters/postgresql_adapter.rb:713:in `connect'
    /usr/lib/ruby/gems/1.8/gems/activerecord-2.0.2/lib/active_record/connection_adapters/postgresql_adapter.rb:713:in `connect'
    /usr/lib/ruby/gems/1.8/gems/activerecord-2.0.2/lib/active_record/connection_adapters/postgresql_adapter.rb:237:in `initialize'
    /usr/lib/ruby/gems/1.8/gems/activerecord-2.0.2/lib/active_record/connection_adapters/postgresql_adapter.rb:23:in `new'
    /usr/lib/ruby/gems/1.8/gems/activerecord-2.0.2/lib/active_record/connection_adapters/postgresql_adapter.rb:23:in `postgresql_connection'
    /usr/lib/ruby/gems/1.8/gems/activerecord-2.0.2/lib/active_record/connection_adapters/abstract/connection_specification.rb:291:in `send'
    /usr/lib/ruby/gems/1.8/gems/activerecord-2.0.2/lib/active_record/connection_adapters/abstract/connection_specification.rb:291:in `connection='
    /usr/lib/ruby/gems/1.8/gems/activerecord-2.0.2/lib/active_record/connection_adapters/abstract/connection_specification.rb:259:in `retrieve_connection'
    /usr/lib/ruby/gems/1.8/gems/activerecord-2.0.2/lib/active_record/connection_adapters/abstract/connection_specification.rb:78:in `connection'
    /usr/lib/ruby/gems/1.8/gems/activerecord-2.0.2/lib/active_record/base.rb:1063:in `table_exists?'
    /usr/lib/ruby/gems/1.8/gems/activerecord-2.0.2/lib/active_record/base.rb:1153:in `inspect'
    /var/www/vhosts/justtrackit.com/apollo/vendor/plugins/active-rbac/lib/active_rbac/acts_as_user.rb:53:in `extend_user_class'
    /var/www/vhosts/justtrackit.com/apollo/vendor/plugins/active-rbac/lib/active_rbac/model_registry.rb:171:in `update_user_class'
    /var/www/vhosts/justtrackit.com/apollo/vendor/plugins/active-rbac/lib/active_rbac/model_registry.rb:161:in `update_classes'
    /var/www/vhosts/justtrackit.com/apollo/vendor/plugins/active-rbac/lib/active_rbac/model_registry.rb:149:in `register_static_permission_class'
    /var/www/vhosts/justtrackit.com/apollo/vendor/plugins/active-rbac/lib/active_rbac/acts_as_static_permission.rb:46:in `acts_as_static_permission'
    /var/www/vhosts/justtrackit.com/apollo/app/models/static_permission.rb:3
    /usr/lib/ruby/gems/1.8/gems/activesupport-2.0.2/lib/active_support/dependencies.rb:203:in `load_without_new_constant_marking'
    /usr/lib/ruby/gems/1.8/gems/activesupport-2.0.2/lib/active_support/dependencies.rb:203:in `load_file'
    /usr/lib/ruby/gems/1.8/gems/activesupport-2.0.2/lib/active_support/dependencies.rb:342:in `new_constants_in'
    /usr/lib/ruby/gems/1.8/gems/activesupport-2.0.2/lib/active_support/dependencies.rb:202:in `load_file'
    /usr/lib/ruby/gems/1.8/gems/activesupport-2.0.2/lib/active_support/dependencies.rb:94:in `require_or_load'
    /usr/lib/ruby/gems/1.8/gems/activesupport-2.0.2/lib/active_support/dependencies.rb:60:in `depend_on'
    /usr/lib/ruby/gems/1.8/gems/activesupport-2.0.2/lib/active_support/dependencies.rb:442:in `require_dependency'
    /var/www/vhosts/justtrackit.com/apollo/app/controllers/application.rb:6
    /usr/lib/ruby/gems/1.8/gems/activesupport-2.0.2/lib/active_support/dependencies.rb:203:in `load_without_new_constant_marking'
    /usr/lib/ruby/gems/1.8/gems/activesupport-2.0.2/lib/active_support/dependencies.rb:203:in `load_file'
    /usr/lib/ruby/gems/1.8/gems/activesupport-2.0.2/lib/active_support/dependencies.rb:342:in `new_constants_in'
    /usr/lib/ruby/gems/1.8/gems/activesupport-2.0.2/lib/active_support/dependencies.rb:202:in `load_file'
    /usr/lib/ruby/gems/1.8/gems/activesupport-2.0.2/lib/active_support/dependencies.rb:94:in `require_or_load'
    /usr/lib/ruby/gems/1.8/gems/activesupport-2.0.2/lib/active_support/dependencies.rb:60:in `depend_on'
    /usr/lib/ruby/gems/1.8/gems/activesupport-2.0.2/lib/active_support/dependencies.rb:442:in `require_dependency'
    /usr/lib/ruby/gems/1.8/gems/actionpack-2.0.2/lib/action_controller/dispatcher.rb:141:in `prepare_application'
    /usr/lib/ruby/gems/1.8/gems/actionpack-2.0.2/lib/action_controller/dispatcher.rb:178:in `send!'
    /usr/lib/ruby/gems/1.8/gems/actionpack-2.0.2/lib/action_controller/dispatcher.rb:178:in `run_callbacks'
    /usr/lib/ruby/gems/1.8/gems/actionpack-2.0.2/lib/action_controller/dispatcher.rb:175:in `each'
    /usr/lib/ruby/gems/1.8/gems/actionpack-2.0.2/lib/action_controller/dispatcher.rb:175:in `send!'
    /usr/lib/ruby/gems/1.8/gems/actionpack-2.0.2/lib/action_controller/dispatcher.rb:175:in `run_callbacks'
    /usr/lib/ruby/gems/1.8/gems/actionpack-2.0.2/lib/action_controller/dispatcher.rb:114:in `dispatch'
    /usr/lib/ruby/gems/1.8/gems/actionpack-2.0.2/lib/action_controller/dispatcher.rb:126:in `dispatch_cgi'
    /usr/lib/ruby/gems/1.8/gems/actionpack-2.0.2/lib/action_controller/dispatcher.rb:9:in `dispatch'
    /usr/lib/ruby/gems/1.8/gems/mongrel-1.1.5/bin/../lib/mongrel/rails.rb:76:in `process'
    /usr/lib/ruby/gems/1.8/gems/mongrel-1.1.5/bin/../lib/mongrel/rails.rb:74:in `synchronize'
    /usr/lib/ruby/gems/1.8/gems/mongrel-1.1.5/bin/../lib/mongrel/rails.rb:74:in `process'
    /usr/lib/ruby/gems/1.8/gems/mongrel-1.1.5/bin/../lib/mongrel.rb:159:in `process_client'
    /usr/lib/ruby/gems/1.8/gems/mongrel-1.1.5/bin/../lib/mongrel.rb:158:in `each'
    /usr/lib/ruby/gems/1.8/gems/mongrel-1.1.5/bin/../lib/mongrel.rb:158:in `process_client'
    /usr/lib/ruby/gems/1.8/gems/mongrel-1.1.5/bin/../lib/mongrel.rb:285:in `run'
    /usr/lib/ruby/gems/1.8/gems/mongrel-1.1.5/bin/../lib/mongrel.rb:285:in `initialize'
    /usr/lib/ruby/gems/1.8/gems/mongrel-1.1.5/bin/../lib/mongrel.rb:285:in `new'
    /usr/lib/ruby/gems/1.8/gems/mongrel-1.1.5/bin/../lib/mongrel.rb:285:in `run'
    /usr/lib/ruby/gems/1.8/gems/mongrel-1.1.5/bin/../lib/mongrel.rb:268:in `initialize'
    /usr/lib/ruby/gems/1.8/gems/mongrel-1.1.5/bin/../lib/mongrel.rb:268:in `new'
    /usr/lib/ruby/gems/1.8/gems/mongrel-1.1.5/bin/../lib/mongrel.rb:268:in `run'
    /usr/lib/ruby/gems/1.8/gems/mongrel-1.1.5/bin/../lib/mongrel/configurator.rb:282:in `run'
    /usr/lib/ruby/gems/1.8/gems/mongrel-1.1.5/bin/../lib/mongrel/configurator.rb:281:in `each'
    /usr/lib/ruby/gems/1.8/gems/mongrel-1.1.5/bin/../lib/mongrel/configurator.rb:281:in `run'
    /usr/lib/ruby/gems/1.8/gems/mongrel-1.1.5/bin/mongrel_rails:128:in `run'
    /usr/lib/ruby/gems/1.8/gems/mongrel-1.1.5/bin/../lib/mongrel/command.rb:212:in `run'
    /usr/lib/ruby/gems/1.8/gems/mongrel-1.1.5/bin/mongrel_rails:281
    /usr/bin/mongrel_rails:19:in `load'
    /usr/bin/mongrel_rails:19
** TERM signal received.
** Daemonized, any open files are closed.  Look at tmp/pids/mongrel.8002.pid and log/mongrel.8002.log for info.
** Starting Mongrel listening at 127.0.0.1:8002
** Initiating groups for "apache":"mongrel".
** Changing group to "mongrel".
** Changing user to "apache".
** Starting Rails with development environment...
Rails Error: Unable to access log file. Please ensure that /var/www/vhosts/justtrackit.com/apollo/log/development.log exists and is chmod 0666. The log level has been raised to WARN and the output directed to STDERR until the problem is fixed.
** Rails loaded.
** Loading any Rails specific GemPlugins
** Signals ready.  TERM => stop.  USR2 => restart.  INT => stop (no restart).
** Rails signals registered.  HUP => reload (without restart).  It might not work well.
** Mongrel 1.1.5 available at 127.0.0.1:8002
** Writing PID file to tmp/pids/mongrel.8002.pid
